{"C:\\Users\\Owner\\Desktop\\Projects\\basicSite\\src\\core\\Game.ts": {"path":"C:\\Users\\Owner\\Desktop\\Projects\\basicSite\\src\\core\\Game.ts","statementMap":{"0":{"start":{"line":1,"column":0},"end":{"line":1,"column":100}},"1":{"start":{"line":10,"column":4},"end":{"line":14,"column":6}},"2":{"start":{"line":15,"column":4},"end":{"line":15,"column":29}},"3":{"start":{"line":18,"column":4},"end":{"line":18,"column":78}},"4":{"start":{"line":19,"column":4},"end":{"line":19,"column":82}},"5":{"start":{"line":21,"column":4},"end":{"line":23,"column":5}},"6":{"start":{"line":22,"column":6},"end":{"line":22,"column":57}},"7":{"start":{"line":26,"column":4},"end":{"line":26,"column":25}},"8":{"start":{"line":27,"column":4},"end":{"line":27,"column":16}},"9":{"start":{"line":31,"column":4},"end":{"line":31,"column":20}},"10":{"start":{"line":32,"column":4},"end":{"line":32,"column":31}},"11":{"start":{"line":33,"column":4},"end":{"line":33,"column":25}},"12":{"start":{"line":37,"column":39},"end":{"line":43,"column":6}},"13":{"start":{"line":45,"column":4},"end":{"line":45,"column":47}},"14":{"start":{"line":49,"column":19},"end":{"line":49,"column":51}},"15":{"start":{"line":50,"column":4},"end":{"line":50,"column":39}},"16":{"start":{"line":51,"column":4},"end":{"line":51,"column":34}},"17":{"start":{"line":52,"column":4},"end":{"line":52,"column":27}},"18":{"start":{"line":53,"column":4},"end":{"line":53,"column":49}},"19":{"start":{"line":54,"column":4},"end":{"line":54,"column":48}},"20":{"start":{"line":56,"column":4},"end":{"line":56,"column":71}},"21":{"start":{"line":56,"column":43},"end":{"line":56,"column":69}},"22":{"start":{"line":58,"column":4},"end":{"line":58,"column":39}},"23":{"start":{"line":59,"column":4},"end":{"line":59,"column":33}},"24":{"start":{"line":63,"column":19},"end":{"line":63,"column":45}},"25":{"start":{"line":64,"column":4},"end":{"line":64,"column":24}},"26":{"start":{"line":64,"column":17},"end":{"line":64,"column":24}},"27":{"start":{"line":67,"column":4},"end":{"line":67,"column":47}},"28":{"start":{"line":70,"column":24},"end":{"line":70,"column":48}},"29":{"start":{"line":71,"column":19},"end":{"line":71,"column":101}},"30":{"start":{"line":72,"column":4},"end":{"line":76,"column":5}},"31":{"start":{"line":73,"column":6},"end":{"line":73,"column":47}},"32":{"start":{"line":74,"column":6},"end":{"line":74,"column":46}},"33":{"start":{"line":75,"column":6},"end":{"line":75,"column":36}},"34":{"start":{"line":79,"column":4},"end":{"line":79,"column":72}},"35":{"start":{"line":82,"column":4},"end":{"line":82,"column":20}},"36":{"start":{"line":86,"column":4},"end":{"line":86,"column":32}},"37":{"start":{"line":87,"column":4},"end":{"line":87,"column":25}},"38":{"start":{"line":91,"column":18},"end":{"line":91,"column":47}},"39":{"start":{"line":92,"column":4},"end":{"line":92,"column":37}},"40":{"start":{"line":93,"column":4},"end":{"line":93,"column":37}},"41":{"start":{"line":94,"column":4},"end":{"line":94,"column":41}},"42":{"start":{"line":95,"column":4},"end":{"line":95,"column":40}},"43":{"start":{"line":97,"column":4},"end":{"line":97,"column":38}},"44":{"start":{"line":100,"column":4},"end":{"line":100,"column":43}},"45":{"start":{"line":100,"column":21},"end":{"line":100,"column":35}},"46":{"start":{"line":104,"column":20},"end":{"line":104,"column":23}},"47":{"start":{"line":105,"column":4},"end":{"line":108,"column":6}},"48":{"start":{"line":112,"column":4},"end":{"line":112,"column":66}},"49":{"start":{"line":116,"column":4},"end":{"line":116,"column":46}},"50":{"start":{"line":116,"column":22},"end":{"line":116,"column":37}},"51":{"start":{"line":120,"column":4},"end":{"line":120,"column":71}},"52":{"start":{"line":124,"column":23},"end":{"line":124,"column":61}},"53":{"start":{"line":125,"column":4},"end":{"line":128,"column":5}},"54":{"start":{"line":126,"column":6},"end":{"line":126,"column":64}},"55":{"start":{"line":127,"column":6},"end":{"line":127,"column":27}},"56":{"start":{"line":3,"column":0},"end":{"line":3,"column":13}}},"fnMap":{"0":{"name":"(anonymous_0)","decl":{"start":{"line":9,"column":2},"end":{"line":9,"column":null}},"loc":{"start":{"line":9,"column":2},"end":{"line":28,"column":3}}},"1":{"name":"(anonymous_1)","decl":{"start":{"line":30,"column":10},"end":{"line":30,"column":14}},"loc":{"start":{"line":30,"column":14},"end":{"line":34,"column":3}}},"2":{"name":"(anonymous_2)","decl":{"start":{"line":36,"column":10},"end":{"line":36,"column":29}},"loc":{"start":{"line":36,"column":29},"end":{"line":46,"column":3}}},"3":{"name":"(anonymous_3)","decl":{"start":{"line":48,"column":10},"end":{"line":48,"column":22}},"loc":{"start":{"line":48,"column":55},"end":{"line":60,"column":3}}},"4":{"name":"(anonymous_4)","decl":{"start":{"line":56,"column":37},"end":{"line":56,"column":40}},"loc":{"start":{"line":56,"column":43},"end":{"line":56,"column":69}}},"5":{"name":"(anonymous_5)","decl":{"start":{"line":62,"column":10},"end":{"line":62,"column":27}},"loc":{"start":{"line":62,"column":44},"end":{"line":83,"column":3}}},"6":{"name":"(anonymous_6)","decl":{"start":{"line":85,"column":10},"end":{"line":85,"column":19}},"loc":{"start":{"line":85,"column":34},"end":{"line":88,"column":3}}},"7":{"name":"(anonymous_7)","decl":{"start":{"line":90,"column":10},"end":{"line":90,"column":27}},"loc":{"start":{"line":90,"column":59},"end":{"line":101,"column":3}}},"8":{"name":"(anonymous_8)","decl":{"start":{"line":100,"column":15},"end":{"line":100,"column":18}},"loc":{"start":{"line":100,"column":21},"end":{"line":100,"column":35}}},"9":{"name":"(anonymous_9)","decl":{"start":{"line":103,"column":10},"end":{"line":103,"column":27}},"loc":{"start":{"line":103,"column":27},"end":{"line":109,"column":3}}},"10":{"name":"(anonymous_10)","decl":{"start":{"line":111,"column":10},"end":{"line":111,"column":23}},"loc":{"start":{"line":111,"column":23},"end":{"line":113,"column":3}}},"11":{"name":"(anonymous_11)","decl":{"start":{"line":115,"column":10},"end":{"line":115,"column":23}},"loc":{"start":{"line":115,"column":23},"end":{"line":117,"column":3}}},"12":{"name":"(anonymous_12)","decl":{"start":{"line":116,"column":16},"end":{"line":116,"column":19}},"loc":{"start":{"line":116,"column":22},"end":{"line":116,"column":37}}},"13":{"name":"(anonymous_13)","decl":{"start":{"line":119,"column":10},"end":{"line":119,"column":18}},"loc":{"start":{"line":119,"column":18},"end":{"line":121,"column":3}}},"14":{"name":"(anonymous_14)","decl":{"start":{"line":123,"column":10},"end":{"line":123,"column":18}},"loc":{"start":{"line":123,"column":18},"end":{"line":129,"column":3}}}},"branchMap":{"0":{"loc":{"start":{"line":21,"column":4},"end":{"line":23,"column":5}},"type":"if","locations":[{"start":{"line":21,"column":4},"end":{"line":23,"column":5}}]},"1":{"loc":{"start":{"line":21,"column":8},"end":{"line":21,"column":46}},"type":"binary-expr","locations":[{"start":{"line":21,"column":8},"end":{"line":21,"column":23}},{"start":{"line":21,"column":27},"end":{"line":21,"column":46}}]},"2":{"loc":{"start":{"line":64,"column":4},"end":{"line":64,"column":24}},"type":"if","locations":[{"start":{"line":64,"column":4},"end":{"line":64,"column":24}}]},"3":{"loc":{"start":{"line":72,"column":4},"end":{"line":76,"column":5}},"type":"if","locations":[{"start":{"line":72,"column":4},"end":{"line":76,"column":5}}]},"4":{"loc":{"start":{"line":125,"column":4},"end":{"line":128,"column":5}},"type":"if","locations":[{"start":{"line":125,"column":4},"end":{"line":128,"column":5}}]}},"s":{"0":1,"1":11,"2":11,"3":11,"4":11,"5":11,"6":1,"7":10,"8":10,"9":10,"10":10,"11":10,"12":10,"13":10,"14":10,"15":10,"16":10,"17":10,"18":10,"19":10,"20":10,"21":5,"22":10,"23":10,"24":5,"25":5,"26":0,"27":5,"28":5,"29":5,"30":5,"31":5,"32":5,"33":5,"34":5,"35":5,"36":5,"37":5,"38":5,"39":5,"40":5,"41":5,"42":5,"43":5,"44":5,"45":4,"46":15,"47":15,"48":17,"49":10,"50":0,"51":5,"52":10,"53":10,"54":2,"55":2,"56":1},"f":{"0":11,"1":10,"2":10,"3":10,"4":5,"5":5,"6":5,"7":5,"8":4,"9":15,"10":17,"11":10,"12":0,"13":5,"14":10},"b":{"0":[1],"1":[11,10],"2":[0],"3":[5],"4":[2]}}
,"C:\\Users\\Owner\\Desktop\\Projects\\basicSite\\src\\types\\game.types.ts": {"path":"C:\\Users\\Owner\\Desktop\\Projects\\basicSite\\src\\types\\game.types.ts","statementMap":{"0":{"start":{"line":29,"column":0},"end":{"line":29,"column":null}},"1":{"start":{"line":30,"column":2},"end":{"line":30,"column":null}},"2":{"start":{"line":31,"column":2},"end":{"line":31,"column":null}},"3":{"start":{"line":32,"column":2},"end":{"line":32,"column":null}},"4":{"start":{"line":33,"column":2},"end":{"line":33,"column":null}},"5":{"start":{"line":36,"column":0},"end":{"line":36,"column":null}},"6":{"start":{"line":37,"column":2},"end":{"line":37,"column":null}},"7":{"start":{"line":38,"column":2},"end":{"line":38,"column":null}},"8":{"start":{"line":39,"column":2},"end":{"line":39,"column":null}},"9":{"start":{"line":40,"column":2},"end":{"line":40,"column":null}}},"fnMap":{"0":{"name":"(anonymous_0)","decl":{"start":{"line":29,"column":0},"end":{"line":29,"column":12}},"loc":{"start":{"line":29,"column":25},"end":{"line":34,"column":1}}},"1":{"name":"(anonymous_1)","decl":{"start":{"line":36,"column":0},"end":{"line":36,"column":12}},"loc":{"start":{"line":36,"column":26},"end":{"line":41,"column":1}}}},"branchMap":{"0":{"loc":{"start":{"line":29,"column":12},"end":{"line":29,"column":null}},"type":"binary-expr","locations":[{"start":{"line":29,"column":12},"end":{"line":29,"column":25}},{"start":{"line":29,"column":25},"end":{"line":29,"column":null}}]},"1":{"loc":{"start":{"line":36,"column":12},"end":{"line":36,"column":null}},"type":"binary-expr","locations":[{"start":{"line":36,"column":12},"end":{"line":36,"column":26}},{"start":{"line":36,"column":26},"end":{"line":36,"column":null}}]}},"s":{"0":1,"1":1,"2":1,"3":1,"4":1,"5":1,"6":1,"7":1,"8":1,"9":1},"f":{"0":1,"1":1},"b":{"0":[1,1],"1":[1,1]}}
}
