TN:
SF:src\core\Game.ts
FN:9,(anonymous_0)
FN:30,(anonymous_1)
FN:36,(anonymous_2)
FN:48,(anonymous_3)
FN:56,(anonymous_4)
FN:62,(anonymous_5)
FN:85,(anonymous_6)
FN:90,(anonymous_7)
FN:100,(anonymous_8)
FN:103,(anonymous_9)
FN:111,(anonymous_10)
FN:115,(anonymous_11)
FN:116,(anonymous_12)
FN:119,(anonymous_13)
FN:123,(anonymous_14)
FNF:15
FNH:14
FNDA:11,(anonymous_0)
FNDA:10,(anonymous_1)
FNDA:10,(anonymous_2)
FNDA:10,(anonymous_3)
FNDA:5,(anonymous_4)
FNDA:5,(anonymous_5)
FNDA:5,(anonymous_6)
FNDA:5,(anonymous_7)
FNDA:4,(anonymous_8)
FNDA:15,(anonymous_9)
FNDA:17,(anonymous_10)
FNDA:10,(anonymous_11)
FNDA:0,(anonymous_12)
FNDA:5,(anonymous_13)
FNDA:10,(anonymous_14)
DA:1,1
DA:3,1
DA:10,11
DA:15,11
DA:18,11
DA:19,11
DA:21,11
DA:22,1
DA:26,10
DA:27,10
DA:31,10
DA:32,10
DA:33,10
DA:37,10
DA:45,10
DA:49,10
DA:50,10
DA:51,10
DA:52,10
DA:53,10
DA:54,10
DA:56,10
DA:58,10
DA:59,10
DA:63,5
DA:64,5
DA:67,5
DA:70,5
DA:71,5
DA:72,5
DA:73,5
DA:74,5
DA:75,5
DA:79,5
DA:82,5
DA:86,5
DA:87,5
DA:91,5
DA:92,5
DA:93,5
DA:94,5
DA:95,5
DA:97,5
DA:100,5
DA:104,15
DA:105,15
DA:112,17
DA:116,10
DA:120,5
DA:124,10
DA:125,10
DA:126,2
DA:127,2
LF:53
LH:53
BRDA:21,0,0,1
BRDA:21,1,0,11
BRDA:21,1,1,10
BRDA:64,2,0,0
BRDA:72,3,0,5
BRDA:125,4,0,2
BRF:6
BRH:5
end_of_record
TN:
SF:src\types\game.types.ts
FN:29,(anonymous_0)
FN:36,(anonymous_1)
FNF:2
FNH:2
FNDA:1,(anonymous_0)
FNDA:1,(anonymous_1)
DA:29,1
DA:30,1
DA:31,1
DA:32,1
DA:33,1
DA:36,1
DA:37,1
DA:38,1
DA:39,1
DA:40,1
LF:10
LH:10
BRDA:29,0,0,1
BRDA:29,0,1,1
BRDA:36,1,0,1
BRDA:36,1,1,1
BRF:4
BRH:4
end_of_record
